<?xml version="1.0" encoding="UTF-8"?>
<!-- Generated by org.testng.reporters.JUnitReportReporter -->
<testsuite hostname="DESKTOP-5V6VI5K" failures="0" tests="1" name="Textnglistener.Listnerproject.AppTest" time="0.016" errors="0" timestamp="2022-03-28T19:35:00 IST" skipped="0">
  <testcase classname="Textnglistener.Listnerproject.AppTest" name="shouldAnswerWithTrue" time="0.016"/>
  <system-out/>
</testsuite> <!-- Textnglistener.Listnerproject.AppTest -->
