<?xml version="1.0" encoding="UTF-8"?>
<!-- Generated by org.testng.reporters.JUnitReportReporter -->
<testsuite hostname="DESKTOP-5V6VI5K" failures="0" tests="3" name="Textnglistener.Listnerproject.SampleTest" time="0.006" errors="0" timestamp="2022-03-28T19:35:00 IST" skipped="0">
  <testcase classname="Textnglistener.Listnerproject.SampleTest" name="method1" time="0.002"/>
  <system-out/>
  <testcase classname="Textnglistener.Listnerproject.SampleTest" name="method2" time="0.002"/>
  <system-out/>
  <testcase classname="Textnglistener.Listnerproject.SampleTest" name="method3" time="0.002"/>
  <system-out/>
</testsuite> <!-- Textnglistener.Listnerproject.SampleTest -->
